# JRE version: Java(TM) SE Runtime Environment (8.0_144-b01) (build 1.8.0_144-b01)
# Java VM: Java HotSpot(TM) 64-Bit Server VM (25.144-b01 mixed mode linux-amd64 compressed oops)
Heap:
 PSYoungGen      total 537600K, used 362200K [0x00000000d7100000, 0x00000000fa900000, 0x0000000100000000)
  eden space 521728K, 66% used [0x00000000d7100000,0x00000000ec33cf98,0x00000000f6e80000)
  from space 15872K, 99% used [0x00000000f9980000,0x00000000fa8f93b8,0x00000000fa900000)
  to   space 19968K, 0% used [0x00000000f8200000,0x00000000f8200000,0x00000000f9580000)
 ParOldGen       total 69120K, used 24279K [0x0000000085200000, 0x0000000089580000, 0x00000000d7100000)
  object space 69120K, 35% used [0x0000000085200000,0x00000000869b5fd0,0x0000000089580000)
 Metaspace       used 57691K, capacity 58968K, committed 59028K, reserved 1099776K
  class space    used 7604K, capacity 7903K, committed 7936K, reserved 1048576K
GC Heap History (10 events):
Event: 6.736 GC heap before
{Heap before GC invocations=10 (full 1):
 PSYoungGen      total 245760K, used 245578K [0x00000000d7100000, 0x00000000e7600000, 0x0000000100000000)
  eden space 237568K, 100% used [0x00000000d7100000,0x00000000e5900000,0x00000000e5900000)
  from space 8192K, 97% used [0x00000000e6e00000,0x00000000e75d2a78,0x00000000e7600000)
  to   space 9216K, 0% used [0x00000000e6400000,0x00000000e6400000,0x00000000e6d00000)
 ParOldGen       total 43520K, used 6101K [0x0000000085200000, 0x0000000087c80000, 0x00000000d7100000)
  object space 43520K, 14% used [0x0000000085200000,0x00000000857f5760,0x0000000087c80000)
 Metaspace       used 27226K, capacity 27664K, committed 27904K, reserved 1073152K
  class space    used 3640K, capacity 3759K, committed 3840K, reserved 1048576K
Event: 6.748 GC heap after
Heap after GC invocations=10 (full 1):
 PSYoungGen      total 258048K, used 9205K [0x00000000d7100000, 0x00000000ee980000, 0x0000000100000000)
  eden space 248832K, 0% used [0x00000000d7100000,0x00000000d7100000,0x00000000e6400000)
  from space 9216K, 99% used [0x00000000e6400000,0x00000000e6cfd4b8,0x00000000e6d00000)
  to   space 11776K, 0% used [0x00000000ede00000,0x00000000ede00000,0x00000000ee980000)
 ParOldGen       total 43520K, used 9396K [0x0000000085200000, 0x0000000087c80000, 0x00000000d7100000)
  object space 43520K, 21% used [0x0000000085200000,0x0000000085b2d348,0x0000000087c80000)
 Metaspace       used 27226K, capacity 27664K, committed 27904K, reserved 1073152K
  class space    used 3640K, capacity 3759K, committed 3840K, reserved 1048576K
}
Event: 8.344 GC heap before
{Heap before GC invocations=11 (full 1):
 PSYoungGen      total 258048K, used 258037K [0x00000000d7100000, 0x00000000ee980000, 0x0000000100000000)
  eden space 248832K, 100% used [0x00000000d7100000,0x00000000e6400000,0x00000000e6400000)
  from space 9216K, 99% used [0x00000000e6400000,0x00000000e6cfd4b8,0x00000000e6d00000)
  to   space 11776K, 0% used [0x00000000ede00000,0x00000000ede00000,0x00000000ee980000)
 ParOldGen       total 43520K, used 9396K [0x0000000085200000, 0x0000000087c80000, 0x00000000d7100000)
  object space 43520K, 21% used [0x0000000085200000,0x0000000085b2d348,0x0000000087c80000)
 Metaspace       used 33651K, capacity 34242K, committed 34432K, reserved 1079296K
  class space    used 4566K, capacity 4722K, committed 4736K, reserved 1048576K
Event: 8.364 GC heap after
Heap after GC invocations=11 (full 1):
 PSYoungGen      total 370176K, used 11745K [0x00000000d7100000, 0x00000000efd80000, 0x0000000100000000)
  eden space 358400K, 0% used [0x00000000d7100000,0x00000000d7100000,0x00000000ecf00000)
  from space 11776K, 99% used [0x00000000ede00000,0x00000000ee978458,0x00000000ee980000)
  to   space 15360K, 0% used [0x00000000ecf00000,0x00000000ecf00000,0x00000000ede00000)
 ParOldGen       total 43520K, used 15795K [0x0000000085200000, 0x0000000087c80000, 0x00000000d7100000)
  object space 43520K, 36% used [0x0000000085200000,0x000000008616cf98,0x0000000087c80000)
 Metaspace       used 33651K, capacity 34242K, committed 34432K, reserved 1079296K
  class space    used 4566K, capacity 4722K, committed 4736K, reserved 1048576K
}
Event: 8.562 GC heap before
{Heap before GC invocations=12 (full 1):
 PSYoungGen      total 370176K, used 89642K [0x00000000d7100000, 0x00000000efd80000, 0x0000000100000000)
  eden space 358400K, 21% used [0x00000000d7100000,0x00000000dbd12590,0x00000000ecf00000)
  from space 11776K, 99% used [0x00000000ede00000,0x00000000ee978458,0x00000000ee980000)
  to   space 15360K, 0% used [0x00000000ecf00000,0x00000000ecf00000,0x00000000ede00000)
 ParOldGen       total 43520K, used 15795K [0x0000000085200000, 0x0000000087c80000, 0x00000000d7100000)
  object space 43520K, 36% used [0x0000000085200000,0x000000008616cf98,0x0000000087c80000)
 Metaspace       used 34814K, capacity 35330K, committed 35416K, reserved 1079296K
  class space    used 4712K, capacity 4850K, committed 4864K, reserved 1048576K
Event: 8.585 GC heap after
Heap after GC invocations=12 (full 1):
 PSYoungGen      total 373760K, used 1864K [0x00000000d7100000, 0x00000000fa900000, 0x0000000100000000)
  eden space 358400K, 0% used [0x00000000d7100000,0x00000000d7100000,0x00000000ecf00000)
  from space 15360K, 12% used [0x00000000ecf00000,0x00000000ed0d2300,0x00000000ede00000)
  to   space 15872K, 0% used [0x00000000f9980000,0x00000000f9980000,0x00000000fa900000)
 ParOldGen       total 43520K, used 25227K [0x0000000085200000, 0x0000000087c80000, 0x00000000d7100000)
  object space 43520K, 57% used [0x0000000085200000,0x0000000086aa2fd0,0x0000000087c80000)
 Metaspace       used 34814K, capacity 35330K, committed 35416K, reserved 1079296K
  class space    used 4712K, capacity 4850K, committed 4864K, reserved 1048576K
}
Event: 8.585 GC heap before
{Heap before GC invocations=13 (full 2):
 PSYoungGen      total 373760K, used 1864K [0x00000000d7100000, 0x00000000fa900000, 0x0000000100000000)
  eden space 358400K, 0% used [0x00000000d7100000,0x00000000d7100000,0x00000000ecf00000)
  from space 15360K, 12% used [0x00000000ecf00000,0x00000000ed0d2300,0x00000000ede00000)
  to   space 15872K, 0% used [0x00000000f9980000,0x00000000f9980000,0x00000000fa900000)
 ParOldGen       total 43520K, used 25227K [0x0000000085200000, 0x0000000087c80000, 0x00000000d7100000)
  object space 43520K, 57% used [0x0000000085200000,0x0000000086aa2fd0,0x0000000087c80000)
 Metaspace       used 34814K, capacity 35330K, committed 35416K, reserved 1079296K
  class space    used 4712K, capacity 4850K, committed 4864K, reserved 1048576K
Event: 8.664 GC heap after
Heap after GC invocations=13 (full 2):
 PSYoungGen      total 373760K, used 0K [0x00000000d7100000, 0x00000000fa900000, 0x0000000100000000)
  eden space 358400K, 0% used [0x00000000d7100000,0x00000000d7100000,0x00000000ecf00000)
  from space 15360K, 0% used [0x00000000ecf00000,0x00000000ecf00000,0x00000000ede00000)
  to   space 15872K, 0% used [0x00000000f9980000,0x00000000f9980000,0x00000000fa900000)
 ParOldGen       total 69120K, used 19628K [0x0000000085200000, 0x0000000089580000, 0x00000000d7100000)
  object space 69120K, 28% used [0x0000000085200000,0x000000008652b378,0x0000000089580000)
 Metaspace       used 34814K, capacity 35330K, committed 35416K, reserved 1079296K
  class space    used 4712K, capacity 4850K, committed 4864K, reserved 1048576K
}
Event: 10.243 GC heap before
{Heap before GC invocations=14 (full 2):
 PSYoungGen      total 373760K, used 358400K [0x00000000d7100000, 0x00000000fa900000, 0x0000000100000000)
  eden space 358400K, 100% used [0x00000000d7100000,0x00000000ecf00000,0x00000000ecf00000)
  from space 15360K, 0% used [0x00000000ecf00000,0x00000000ecf00000,0x00000000ede00000)
  to   space 15872K, 0% used [0x00000000f9980000,0x00000000f9980000,0x00000000fa900000)
 ParOldGen       total 69120K, used 19628K [0x0000000085200000, 0x0000000089580000, 0x00000000d7100000)
  object space 69120K, 28% used [0x0000000085200000,0x000000008652b378,0x0000000089580000)
 Metaspace       used 47614K, capacity 48580K, committed 48640K, reserved 1091584K
  class space    used 6366K, capacity 6609K, committed 6656K, reserved 1048576K
Event: 10.265 GC heap after
Heap after GC invocations=14 (full 2):
 PSYoungGen      total 537600K, used 15844K [0x00000000d7100000, 0x00000000fa900000, 0x0000000100000000)
  eden space 521728K, 0% used [0x00000000d7100000,0x00000000d7100000,0x00000000f6e80000)
  from space 15872K, 99% used [0x00000000f9980000,0x00000000fa8f93b8,0x00000000fa900000)
  to   space 19968K, 0% used [0x00000000f8200000,0x00000000f8200000,0x00000000f9580000)
 ParOldGen       total 69120K, used 24279K [0x0000000085200000, 0x0000000089580000, 0x00000000d7100000)
  object space 69120K, 35% used [0x0000000085200000,0x00000000869b5fd0,0x0000000089580000)
 Metaspace       used 47614K, capacity 48580K, committed 48640K, reserved 1091584K
  class space    used 6366K, capacity 6609K, committed 6656K, reserved 1048576K
}

