<?xml version="1.0" encoding="UTF-8"?>
<testsuite name="com.mycompany.myapp.web.rest.AccountResourceIntTest" time="2.116" tests="27" errors="0" skipped="0" failures="0">
  <properties>
[...]
</properties>
  <testcase name="testSaveInvalidEmail" classname="com.mycompany.myapp.web.rest.AccountResourceIntTest" time="0.246"/>
  <testcase name="testRequestPasswordReset" classname="com.mycompany.myapp.web.rest.AccountResourceIntTest" time="0.084"/>
  <testcase name="testFinishPasswordResetTooSmall" classname="com.mycompany.myapp.web.rest.AccountResourceIntTest" time="0.066"/>
  <testcase name="testSaveExistingEmail" classname="com.mycompany.myapp.web.rest.AccountResourceIntTest" time="0.072"/>
  <testcase name="testSaveExistingEmailAndLogin" classname="com.mycompany.myapp.web.rest.AccountResourceIntTest" time="0.067"/>
  <testcase name="testRegisterInvalidEmail" classname="com.mycompany.myapp.web.rest.AccountResourceIntTest" time="0.055"/>
  <testcase name="testRegisterInvalidLogin" classname="com.mycompany.myapp.web.rest.AccountResourceIntTest" time="0.05"/>
  <testcase name="testRegisterInvalidPassword" classname="com.mycompany.myapp.web.rest.AccountResourceIntTest" time="0.046"/>
  <testcase name="testSaveAccount" classname="com.mycompany.myapp.web.rest.AccountResourceIntTest" time="0.053"/>
  <testcase name="testFinishPasswordReset" classname="com.mycompany.myapp.web.rest.AccountResourceIntTest" time="0.2"/>
  <testcase name="testRegisterNullPassword" classname="com.mycompany.myapp.web.rest.AccountResourceIntTest" time="0.04"/>
  <testcase name="testRegisterAdminIsIgnored" classname="com.mycompany.myapp.web.rest.AccountResourceIntTest" time="0.142"/>
  <testcase name="testActivateAccountWithWrongKey" classname="com.mycompany.myapp.web.rest.AccountResourceIntTest" time="0.028"/>
  <testcase name="testGetUnknownAccount" classname="com.mycompany.myapp.web.rest.AccountResourceIntTest" time="0.026"/>
  <testcase name="testChangePassword" classname="com.mycompany.myapp.web.rest.AccountResourceIntTest" time="0.204"/>
  <testcase name="testChangePasswordTooSmall" classname="com.mycompany.myapp.web.rest.AccountResourceIntTest" time="0.032"/>
  <testcase name="testChangePasswordTooLong" classname="com.mycompany.myapp.web.rest.AccountResourceIntTest" time="0.028"/>
  <testcase name="testChangePasswordEmpty" classname="com.mycompany.myapp.web.rest.AccountResourceIntTest" time="0.034"/>
  <testcase name="testRegisterDuplicateEmail" classname="com.mycompany.myapp.web.rest.AccountResourceIntTest" time="0.145"/>
  <testcase name="testRegisterDuplicateLogin" classname="com.mycompany.myapp.web.rest.AccountResourceIntTest" time="0.136"/>
  <testcase name="testAuthenticatedUser" classname="com.mycompany.myapp.web.rest.AccountResourceIntTest" time="0.034"/>
  <testcase name="testActivateAccount" classname="com.mycompany.myapp.web.rest.AccountResourceIntTest" time="0.033"/>
  <testcase name="testRequestPasswordResetWrongEmail" classname="com.mycompany.myapp.web.rest.AccountResourceIntTest" time="0.024"/>
  <testcase name="testRegisterValid" classname="com.mycompany.myapp.web.rest.AccountResourceIntTest" time="0.128"/>
  <testcase name="testNonAuthenticatedUser" classname="com.mycompany.myapp.web.rest.AccountResourceIntTest" time="0.039"/>
  <testcase name="testGetExistingAccount" classname="com.mycompany.myapp.web.rest.AccountResourceIntTest" time="0.078"/>
  <testcase name="testFinishPasswordResetWrongKey" classname="com.mycompany.myapp.web.rest.AccountResourceIntTest" time="0.026"/>
</testsuite>